{"/Users/elkedemaerschalk/youtube-intro-generator/src/helpers.ts": {"path":"/Users/elkedemaerschalk/youtube-intro-generator/src/helpers.ts","statementMap":{"0":{"start":{"line":1,"column":27},"end":{"line":8,"column":1}},"1":{"start":{"line":2,"column":4},"end":{"line":2,"column":50}},"2":{"start":{"line":4,"column":4},"end":{"line":4,"column":40}},"3":{"start":{"line":5,"column":4},"end":{"line":5,"column":51}},"4":{"start":{"line":7,"column":4},"end":{"line":7,"column":24}},"5":{"start":{"line":1,"column":13},"end":{"line":1,"column":27}},"6":{"start":{"line":10,"column":34},"end":{"line":24,"column":1}},"7":{"start":{"line":11,"column":4},"end":{"line":13,"column":5}},"8":{"start":{"line":12,"column":8},"end":{"line":12,"column":113}},"9":{"start":{"line":15,"column":4},"end":{"line":17,"column":5}},"10":{"start":{"line":16,"column":8},"end":{"line":16,"column":107}},"11":{"start":{"line":19,"column":4},"end":{"line":21,"column":5}},"12":{"start":{"line":20,"column":8},"end":{"line":20,"column":96}},"13":{"start":{"line":23,"column":4},"end":{"line":23,"column":83}},"14":{"start":{"line":10,"column":13},"end":{"line":10,"column":34}},"15":{"start":{"line":26,"column":13},"end":{"line":26,"column":259}}},"fnMap":{"0":{"name":"(anonymous_0)","decl":{"start":{"line":1,"column":27},"end":{"line":1,"column":28}},"loc":{"start":{"line":1,"column":53},"end":{"line":8,"column":1}}},"1":{"name":"(anonymous_1)","decl":{"start":{"line":10,"column":34},"end":{"line":10,"column":35}},"loc":{"start":{"line":10,"column":69},"end":{"line":24,"column":1}}}},"branchMap":{"0":{"loc":{"start":{"line":11,"column":4},"end":{"line":13,"column":5}},"type":"if","locations":[{"start":{"line":11,"column":4},"end":{"line":13,"column":5}}]},"1":{"loc":{"start":{"line":15,"column":4},"end":{"line":17,"column":5}},"type":"if","locations":[{"start":{"line":15,"column":4},"end":{"line":17,"column":5}}]},"2":{"loc":{"start":{"line":19,"column":4},"end":{"line":21,"column":5}},"type":"if","locations":[{"start":{"line":19,"column":4},"end":{"line":21,"column":5}}]}},"s":{"0":5,"1":6,"2":6,"3":6,"4":6,"5":5,"6":5,"7":4,"8":1,"9":3,"10":1,"11":2,"12":1,"13":1,"14":5,"15":5},"f":{"0":6,"1":4},"b":{"0":[1],"1":[1],"2":[1]}}
,"/Users/elkedemaerschalk/youtube-intro-generator/src/setupTests.ts": {"path":"/Users/elkedemaerschalk/youtube-intro-generator/src/setupTests.ts","statementMap":{"0":{"start":{"line":1,"column":0},"end":{"line":1,"column":35}}},"fnMap":{},"branchMap":{},"s":{"0":0},"f":{},"b":{}}
,"/Users/elkedemaerschalk/youtube-intro-generator/src/api/chatgpt.ts": {"path":"/Users/elkedemaerschalk/youtube-intro-generator/src/api/chatgpt.ts","statementMap":{"0":{"start":{"line":1,"column":0},"end":{"line":1,"column":39}},"1":{"start":{"line":3,"column":40},"end":{"line":27,"column":2}},"2":{"start":{"line":3,"column":65},"end":{"line":27,"column":2}},"3":{"start":{"line":4,"column":4},"end":{"line":26,"column":5}},"4":{"start":{"line":5,"column":27},"end":{"line":5,"column":54}},"5":{"start":{"line":7,"column":25},"end":{"line":13,"column":10}},"6":{"start":{"line":15,"column":8},"end":{"line":19,"column":9}},"7":{"start":{"line":16,"column":33},"end":{"line":16,"column":54}},"8":{"start":{"line":17,"column":33},"end":{"line":17,"column":74}},"9":{"start":{"line":18,"column":12},"end":{"line":18,"column":54}},"10":{"start":{"line":21,"column":21},"end":{"line":21,"column":42}},"11":{"start":{"line":22,"column":8},"end":{"line":22,"column":26}},"12":{"start":{"line":24,"column":8},"end":{"line":24,"column":70}},"13":{"start":{"line":25,"column":8},"end":{"line":25,"column":68}},"14":{"start":{"line":3,"column":13},"end":{"line":3,"column":40}}},"fnMap":{"0":{"name":"(anonymous_7)","decl":{"start":{"line":3,"column":40},"end":{"line":3,"column":47}},"loc":{"start":{"line":3,"column":65},"end":{"line":27,"column":2}}},"1":{"name":"(anonymous_8)","decl":{"start":{"line":3,"column":65},"end":{"line":3,"column":null}},"loc":{"start":{"line":3,"column":65},"end":{"line":27,"column":1}}}},"branchMap":{"0":{"loc":{"start":{"line":15,"column":8},"end":{"line":19,"column":9}},"type":"if","locations":[{"start":{"line":15,"column":8},"end":{"line":19,"column":9}}]},"1":{"loc":{"start":{"line":17,"column":33},"end":{"line":17,"column":74}},"type":"binary-expr","locations":[{"start":{"line":17,"column":33},"end":{"line":17,"column":51}},{"start":{"line":17,"column":55},"end":{"line":17,"column":74}}]},"2":{"loc":{"start":{"line":25,"column":24},"end":{"line":25,"column":65}},"type":"binary-expr","locations":[{"start":{"line":25,"column":24},"end":{"line":25,"column":37}},{"start":{"line":25,"column":41},"end":{"line":25,"column":65}}]}},"s":{"0":1,"1":1,"2":4,"3":4,"4":4,"5":4,"6":2,"7":1,"8":1,"9":1,"10":1,"11":1,"12":3,"13":3,"14":1},"f":{"0":4,"1":4},"b":{"0":[1],"1":[1,0],"2":[3,0]}}
,"/Users/elkedemaerschalk/youtube-intro-generator/src/api/claude.ts": {"path":"/Users/elkedemaerschalk/youtube-intro-generator/src/api/claude.ts","statementMap":{"0":{"start":{"line":1,"column":0},"end":{"line":1,"column":39}},"1":{"start":{"line":3,"column":39},"end":{"line":27,"column":2}},"2":{"start":{"line":3,"column":64},"end":{"line":27,"column":2}},"3":{"start":{"line":4,"column":4},"end":{"line":26,"column":5}},"4":{"start":{"line":5,"column":27},"end":{"line":5,"column":54}},"5":{"start":{"line":7,"column":25},"end":{"line":13,"column":10}},"6":{"start":{"line":15,"column":8},"end":{"line":19,"column":9}},"7":{"start":{"line":16,"column":33},"end":{"line":16,"column":54}},"8":{"start":{"line":17,"column":33},"end":{"line":17,"column":74}},"9":{"start":{"line":18,"column":12},"end":{"line":18,"column":54}},"10":{"start":{"line":21,"column":21},"end":{"line":21,"column":42}},"11":{"start":{"line":22,"column":8},"end":{"line":22,"column":26}},"12":{"start":{"line":24,"column":8},"end":{"line":24,"column":69}},"13":{"start":{"line":25,"column":8},"end":{"line":25,"column":68}},"14":{"start":{"line":3,"column":13},"end":{"line":3,"column":39}}},"fnMap":{"0":{"name":"(anonymous_7)","decl":{"start":{"line":3,"column":39},"end":{"line":3,"column":46}},"loc":{"start":{"line":3,"column":64},"end":{"line":27,"column":2}}},"1":{"name":"(anonymous_8)","decl":{"start":{"line":3,"column":64},"end":{"line":3,"column":null}},"loc":{"start":{"line":3,"column":64},"end":{"line":27,"column":1}}}},"branchMap":{"0":{"loc":{"start":{"line":15,"column":8},"end":{"line":19,"column":9}},"type":"if","locations":[{"start":{"line":15,"column":8},"end":{"line":19,"column":9}}]},"1":{"loc":{"start":{"line":17,"column":33},"end":{"line":17,"column":74}},"type":"binary-expr","locations":[{"start":{"line":17,"column":33},"end":{"line":17,"column":51}},{"start":{"line":17,"column":55},"end":{"line":17,"column":74}}]},"2":{"loc":{"start":{"line":25,"column":24},"end":{"line":25,"column":65}},"type":"binary-expr","locations":[{"start":{"line":25,"column":24},"end":{"line":25,"column":37}},{"start":{"line":25,"column":41},"end":{"line":25,"column":65}}]}},"s":{"0":1,"1":1,"2":4,"3":4,"4":4,"5":4,"6":2,"7":1,"8":1,"9":1,"10":1,"11":1,"12":3,"13":3,"14":1},"f":{"0":4,"1":4},"b":{"0":[1],"1":[1,0],"2":[3,0]}}
,"/Users/elkedemaerschalk/youtube-intro-generator/src/api/gemini.ts": {"path":"/Users/elkedemaerschalk/youtube-intro-generator/src/api/gemini.ts","statementMap":{"0":{"start":{"line":1,"column":0},"end":{"line":1,"column":39}},"1":{"start":{"line":3,"column":39},"end":{"line":27,"column":2}},"2":{"start":{"line":3,"column":64},"end":{"line":27,"column":2}},"3":{"start":{"line":4,"column":4},"end":{"line":26,"column":5}},"4":{"start":{"line":5,"column":27},"end":{"line":5,"column":54}},"5":{"start":{"line":7,"column":25},"end":{"line":13,"column":10}},"6":{"start":{"line":15,"column":8},"end":{"line":19,"column":9}},"7":{"start":{"line":16,"column":33},"end":{"line":16,"column":54}},"8":{"start":{"line":17,"column":33},"end":{"line":17,"column":74}},"9":{"start":{"line":18,"column":12},"end":{"line":18,"column":54}},"10":{"start":{"line":21,"column":21},"end":{"line":21,"column":42}},"11":{"start":{"line":22,"column":8},"end":{"line":22,"column":20}},"12":{"start":{"line":24,"column":8},"end":{"line":24,"column":69}},"13":{"start":{"line":25,"column":8},"end":{"line":25,"column":68}},"14":{"start":{"line":3,"column":13},"end":{"line":3,"column":39}}},"fnMap":{"0":{"name":"(anonymous_7)","decl":{"start":{"line":3,"column":39},"end":{"line":3,"column":46}},"loc":{"start":{"line":3,"column":64},"end":{"line":27,"column":2}}},"1":{"name":"(anonymous_8)","decl":{"start":{"line":3,"column":64},"end":{"line":3,"column":null}},"loc":{"start":{"line":3,"column":64},"end":{"line":27,"column":1}}}},"branchMap":{"0":{"loc":{"start":{"line":15,"column":8},"end":{"line":19,"column":9}},"type":"if","locations":[{"start":{"line":15,"column":8},"end":{"line":19,"column":9}}]},"1":{"loc":{"start":{"line":17,"column":33},"end":{"line":17,"column":74}},"type":"binary-expr","locations":[{"start":{"line":17,"column":33},"end":{"line":17,"column":51}},{"start":{"line":17,"column":55},"end":{"line":17,"column":74}}]},"2":{"loc":{"start":{"line":25,"column":24},"end":{"line":25,"column":65}},"type":"binary-expr","locations":[{"start":{"line":25,"column":24},"end":{"line":25,"column":37}},{"start":{"line":25,"column":41},"end":{"line":25,"column":65}}]}},"s":{"0":1,"1":1,"2":4,"3":4,"4":4,"5":4,"6":2,"7":1,"8":1,"9":1,"10":1,"11":1,"12":3,"13":3,"14":1},"f":{"0":4,"1":4},"b":{"0":[1],"1":[1,0],"2":[3,0]}}
,"/Users/elkedemaerschalk/youtube-intro-generator/src/api/huggingFace.ts": {"path":"/Users/elkedemaerschalk/youtube-intro-generator/src/api/huggingFace.ts","statementMap":{"0":{"start":{"line":1,"column":0},"end":{"line":1,"column":39}},"1":{"start":{"line":3,"column":44},"end":{"line":27,"column":2}},"2":{"start":{"line":3,"column":69},"end":{"line":27,"column":2}},"3":{"start":{"line":4,"column":4},"end":{"line":26,"column":5}},"4":{"start":{"line":5,"column":27},"end":{"line":5,"column":54}},"5":{"start":{"line":7,"column":25},"end":{"line":13,"column":10}},"6":{"start":{"line":15,"column":8},"end":{"line":19,"column":9}},"7":{"start":{"line":16,"column":33},"end":{"line":16,"column":54}},"8":{"start":{"line":17,"column":33},"end":{"line":17,"column":74}},"9":{"start":{"line":18,"column":12},"end":{"line":18,"column":54}},"10":{"start":{"line":21,"column":21},"end":{"line":21,"column":42}},"11":{"start":{"line":22,"column":8},"end":{"line":22,"column":20}},"12":{"start":{"line":24,"column":8},"end":{"line":24,"column":75}},"13":{"start":{"line":25,"column":8},"end":{"line":25,"column":68}},"14":{"start":{"line":3,"column":13},"end":{"line":3,"column":44}}},"fnMap":{"0":{"name":"(anonymous_7)","decl":{"start":{"line":3,"column":44},"end":{"line":3,"column":51}},"loc":{"start":{"line":3,"column":69},"end":{"line":27,"column":2}}},"1":{"name":"(anonymous_8)","decl":{"start":{"line":3,"column":69},"end":{"line":3,"column":null}},"loc":{"start":{"line":3,"column":69},"end":{"line":27,"column":1}}}},"branchMap":{"0":{"loc":{"start":{"line":15,"column":8},"end":{"line":19,"column":9}},"type":"if","locations":[{"start":{"line":15,"column":8},"end":{"line":19,"column":9}}]},"1":{"loc":{"start":{"line":17,"column":33},"end":{"line":17,"column":74}},"type":"binary-expr","locations":[{"start":{"line":17,"column":33},"end":{"line":17,"column":51}},{"start":{"line":17,"column":55},"end":{"line":17,"column":74}}]},"2":{"loc":{"start":{"line":25,"column":24},"end":{"line":25,"column":65}},"type":"binary-expr","locations":[{"start":{"line":25,"column":24},"end":{"line":25,"column":37}},{"start":{"line":25,"column":41},"end":{"line":25,"column":65}}]}},"s":{"0":1,"1":1,"2":4,"3":4,"4":4,"5":4,"6":2,"7":1,"8":1,"9":1,"10":1,"11":1,"12":3,"13":3,"14":1},"f":{"0":4,"1":4},"b":{"0":[1],"1":[1,0],"2":[3,0]}}
,"/Users/elkedemaerschalk/youtube-intro-generator/src/api/index.ts": {"path":"/Users/elkedemaerschalk/youtube-intro-generator/src/api/index.ts","statementMap":{"0":{"start":{"line":1,"column":0},"end":{"line":1,"column":9}},"1":{"start":{"line":7,"column":4},"end":{"line":1,"column":51}},"2":{"start":{"line":2,"column":0},"end":{"line":2,"column":9}},"3":{"start":{"line":8,"column":4},"end":{"line":2,"column":53}},"4":{"start":{"line":3,"column":0},"end":{"line":3,"column":9}},"5":{"start":{"line":9,"column":4},"end":{"line":3,"column":51}},"6":{"start":{"line":4,"column":0},"end":{"line":4,"column":9}},"7":{"start":{"line":10,"column":4},"end":{"line":4,"column":61}}},"fnMap":{"0":{"name":"(anonymous_0)","decl":{"start":{"line":7,"column":4},"end":{"line":7,"column":27}},"loc":{"start":{"line":7,"column":4},"end":{"line":1,"column":51}}},"1":{"name":"(anonymous_1)","decl":{"start":{"line":8,"column":4},"end":{"line":8,"column":28}},"loc":{"start":{"line":8,"column":4},"end":{"line":2,"column":53}}},"2":{"name":"(anonymous_2)","decl":{"start":{"line":9,"column":4},"end":{"line":9,"column":27}},"loc":{"start":{"line":9,"column":4},"end":{"line":3,"column":51}}},"3":{"name":"(anonymous_3)","decl":{"start":{"line":10,"column":4},"end":{"line":10,"column":32}},"loc":{"start":{"line":10,"column":4},"end":{"line":4,"column":61}}}},"branchMap":{},"s":{"0":0,"1":0,"2":0,"3":0,"4":0,"5":0,"6":0,"7":0},"f":{"0":0,"1":0,"2":0,"3":0},"b":{}}
,"/Users/elkedemaerschalk/youtube-intro-generator/src/support/fileMock.js": {"path":"/Users/elkedemaerschalk/youtube-intro-generator/src/support/fileMock.js","statementMap":{"0":{"start":{"line":1,"column":0},"end":{"line":1,"column":32}}},"fnMap":{},"branchMap":{},"s":{"0":0},"f":{},"b":{},"inputSourceMap":null}
}
