TN:
SF:src/App.tsx
FN:18,App
FN:23,(anonymous_9)
FN:23,(anonymous_10)
FNF:3
FNH:1
FNDA:1,App
FNDA:0,(anonymous_9)
FNDA:0,(anonymous_10)
DA:1,1
DA:2,1
DA:3,1
DA:4,1
DA:5,1
DA:6,1
DA:7,1
DA:8,1
DA:9,1
DA:10,1
DA:19,1
DA:20,1
DA:21,1
DA:23,1
DA:24,0
DA:25,0
DA:26,0
DA:29,0
DA:30,0
DA:32,0
DA:33,0
DA:40,0
DA:42,0
DA:43,0
DA:45,0
DA:46,0
DA:48,0
DA:52,0
DA:54,0
DA:55,0
DA:57,0
DA:61,1
DA:82,1
LF:33
LH:16
BRDA:24,0,0,0
BRDA:45,1,0,0
BRDA:45,1,1,0
BRDA:70,2,0,1
BRDA:70,2,1,0
BRDA:73,3,0,1
BRDA:73,3,1,0
BRF:7
BRH:2
end_of_record
TN:
SF:src/helpers.ts
FN:1,(anonymous_0)
FN:10,(anonymous_1)
FNF:2
FNH:2
FNDA:6,(anonymous_0)
FNDA:4,(anonymous_1)
DA:1,6
DA:2,6
DA:4,6
DA:5,6
DA:7,6
DA:10,6
DA:11,4
DA:12,1
DA:15,3
DA:16,1
DA:19,2
DA:20,1
DA:23,1
DA:26,6
LF:14
LH:14
BRDA:11,0,0,1
BRDA:15,1,0,1
BRDA:19,2,0,1
BRF:3
BRH:3
end_of_record
TN:
SF:src/main.tsx
FNF:0
FNH:0
DA:1,0
DA:2,0
DA:3,0
DA:4,0
DA:6,0
LF:5
LH:0
BRF:0
BRH:0
end_of_record
TN:
SF:src/setupTests.ts
FNF:0
FNH:0
DA:1,0
LF:1
LH:0
BRF:0
BRH:0
end_of_record
TN:
SF:src/api/chatgpt.ts
FN:3,(anonymous_7)
FN:3,(anonymous_8)
FNF:2
FNH:2
FNDA:4,(anonymous_7)
FNDA:4,(anonymous_8)
DA:1,2
DA:3,4
DA:4,4
DA:5,4
DA:7,4
DA:15,2
DA:16,1
DA:17,1
DA:18,1
DA:21,1
DA:22,1
DA:24,3
DA:25,3
LF:13
LH:13
BRDA:15,0,0,1
BRDA:17,1,0,1
BRDA:17,1,1,0
BRDA:25,2,0,3
BRDA:25,2,1,0
BRF:5
BRH:3
end_of_record
TN:
SF:src/api/claude.ts
FN:3,(anonymous_7)
FN:3,(anonymous_8)
FNF:2
FNH:2
FNDA:4,(anonymous_7)
FNDA:4,(anonymous_8)
DA:1,2
DA:3,4
DA:4,4
DA:5,4
DA:7,4
DA:15,2
DA:16,1
DA:17,1
DA:18,1
DA:21,1
DA:22,1
DA:24,3
DA:25,3
LF:13
LH:13
BRDA:15,0,0,1
BRDA:17,1,0,1
BRDA:17,1,1,0
BRDA:25,2,0,3
BRDA:25,2,1,0
BRF:5
BRH:3
end_of_record
TN:
SF:src/api/gemini.ts
FN:3,(anonymous_7)
FN:3,(anonymous_8)
FNF:2
FNH:2
FNDA:4,(anonymous_7)
FNDA:4,(anonymous_8)
DA:1,2
DA:3,4
DA:4,4
DA:5,4
DA:7,4
DA:15,2
DA:16,1
DA:17,1
DA:18,1
DA:21,1
DA:22,1
DA:24,3
DA:25,3
LF:13
LH:13
BRDA:15,0,0,1
BRDA:17,1,0,1
BRDA:17,1,1,0
BRDA:25,2,0,3
BRDA:25,2,1,0
BRF:5
BRH:3
end_of_record
TN:
SF:src/api/huggingFace.ts
FN:3,(anonymous_7)
FN:3,(anonymous_8)
FNF:2
FNH:2
FNDA:4,(anonymous_7)
FNDA:4,(anonymous_8)
DA:1,2
DA:3,4
DA:4,4
DA:5,4
DA:7,4
DA:15,2
DA:16,1
DA:17,1
DA:18,1
DA:21,1
DA:22,1
DA:24,3
DA:25,3
LF:13
LH:13
BRDA:15,0,0,1
BRDA:17,1,0,1
BRDA:17,1,1,0
BRDA:25,2,0,3
BRDA:25,2,1,0
BRF:5
BRH:3
end_of_record
TN:
SF:src/api/index.ts
FN:7,(anonymous_0)
FN:8,(anonymous_1)
FN:9,(anonymous_2)
FN:10,(anonymous_3)
FNF:4
FNH:0
FNDA:0,(anonymous_0)
FNDA:0,(anonymous_1)
FNDA:0,(anonymous_2)
FNDA:0,(anonymous_3)
DA:1,1
DA:2,1
DA:3,1
DA:4,1
DA:7,1
DA:8,1
DA:9,1
DA:10,1
LF:8
LH:8
BRF:0
BRH:0
end_of_record
TN:
SF:src/components/Button.tsx
FN:8,(anonymous_0)
FNF:1
FNH:1
FNDA:6,(anonymous_0)
DA:8,2
DA:9,6
DA:14,2
LF:3
LH:3
BRDA:8,0,0,3
BRDA:10,1,0,2
BRDA:10,1,1,4
BRF:3
BRH:3
end_of_record
TN:
SF:src/components/InputBox.tsx
FN:7,(anonymous_0)
FN:10,(anonymous_1)
FNF:2
FNH:2
FNDA:3,(anonymous_0)
FNDA:1,(anonymous_1)
DA:7,2
DA:8,3
DA:10,1
DA:17,2
LF:4
LH:4
BRF:0
BRH:0
end_of_record
TN:
SF:src/components/ResultsList.tsx
FN:15,(anonymous_0)
FN:18,(anonymous_1)
FN:19,(anonymous_2)
FN:24,(anonymous_3)
FN:30,(anonymous_4)
FN:42,(anonymous_5)
FN:56,(anonymous_6)
FN:69,(anonymous_7)
FNF:8
FNH:6
FNDA:4,(anonymous_0)
FNDA:1,(anonymous_1)
FNDA:1,(anonymous_2)
FNDA:0,(anonymous_3)
FNDA:9,(anonymous_4)
FNDA:10,(anonymous_5)
FNDA:0,(anonymous_6)
FNDA:1,(anonymous_7)
DA:1,2
DA:2,2
DA:3,2
DA:15,2
DA:16,4
DA:18,4
DA:19,1
DA:20,1
DA:24,4
DA:25,0
DA:28,4
DA:30,9
DA:43,10
DA:56,0
DA:69,1
DA:83,2
LF:16
LH:14
BRDA:25,0,0,0
BRDA:25,0,1,0
BRDA:30,1,0,4
BRDA:30,1,1,1
BRDA:46,2,0,1
BRDA:46,2,1,9
BRDA:50,3,0,0
BRDA:50,3,1,9
BRDA:50,4,0,9
BRDA:50,4,1,9
BRDA:52,5,0,0
BRDA:52,5,1,0
BRDA:58,6,0,0
BRDA:58,6,1,0
BRF:14
BRH:7
end_of_record
TN:
SF:src/support/fileMock.js
FNF:0
FNH:0
DA:1,1
LF:1
LH:1
BRF:0
BRH:0
end_of_record
