TN:
SF:src/helpers.ts
FN:1,(anonymous_0)
FN:10,(anonymous_1)
FNF:2
FNH:2
FNDA:6,(anonymous_0)
FNDA:4,(anonymous_1)
DA:1,5
DA:2,6
DA:4,6
DA:5,6
DA:7,6
DA:10,5
DA:11,4
DA:12,1
DA:15,3
DA:16,1
DA:19,2
DA:20,1
DA:23,1
DA:26,5
LF:14
LH:14
BRDA:11,0,0,1
BRDA:15,1,0,1
BRDA:19,2,0,1
BRF:3
BRH:3
end_of_record
TN:
SF:src/setupTests.ts
FNF:0
FNH:0
DA:1,0
LF:1
LH:0
BRF:0
BRH:0
end_of_record
TN:
SF:src/api/chatgpt.ts
FN:3,(anonymous_7)
FN:3,(anonymous_8)
FNF:2
FNH:2
FNDA:4,(anonymous_7)
FNDA:4,(anonymous_8)
DA:1,1
DA:3,4
DA:4,4
DA:5,4
DA:7,4
DA:15,2
DA:16,1
DA:17,1
DA:18,1
DA:21,1
DA:22,1
DA:24,3
DA:25,3
LF:13
LH:13
BRDA:15,0,0,1
BRDA:17,1,0,1
BRDA:17,1,1,0
BRDA:25,2,0,3
BRDA:25,2,1,0
BRF:5
BRH:3
end_of_record
TN:
SF:src/api/claude.ts
FN:3,(anonymous_7)
FN:3,(anonymous_8)
FNF:2
FNH:2
FNDA:4,(anonymous_7)
FNDA:4,(anonymous_8)
DA:1,1
DA:3,4
DA:4,4
DA:5,4
DA:7,4
DA:15,2
DA:16,1
DA:17,1
DA:18,1
DA:21,1
DA:22,1
DA:24,3
DA:25,3
LF:13
LH:13
BRDA:15,0,0,1
BRDA:17,1,0,1
BRDA:17,1,1,0
BRDA:25,2,0,3
BRDA:25,2,1,0
BRF:5
BRH:3
end_of_record
TN:
SF:src/api/gemini.ts
FN:3,(anonymous_7)
FN:3,(anonymous_8)
FNF:2
FNH:2
FNDA:4,(anonymous_7)
FNDA:4,(anonymous_8)
DA:1,1
DA:3,4
DA:4,4
DA:5,4
DA:7,4
DA:15,2
DA:16,1
DA:17,1
DA:18,1
DA:21,1
DA:22,1
DA:24,3
DA:25,3
LF:13
LH:13
BRDA:15,0,0,1
BRDA:17,1,0,1
BRDA:17,1,1,0
BRDA:25,2,0,3
BRDA:25,2,1,0
BRF:5
BRH:3
end_of_record
TN:
SF:src/api/huggingFace.ts
FN:3,(anonymous_7)
FN:3,(anonymous_8)
FNF:2
FNH:2
FNDA:4,(anonymous_7)
FNDA:4,(anonymous_8)
DA:1,1
DA:3,4
DA:4,4
DA:5,4
DA:7,4
DA:15,2
DA:16,1
DA:17,1
DA:18,1
DA:21,1
DA:22,1
DA:24,3
DA:25,3
LF:13
LH:13
BRDA:15,0,0,1
BRDA:17,1,0,1
BRDA:17,1,1,0
BRDA:25,2,0,3
BRDA:25,2,1,0
BRF:5
BRH:3
end_of_record
TN:
SF:src/api/index.ts
FN:7,(anonymous_0)
FN:8,(anonymous_1)
FN:9,(anonymous_2)
FN:10,(anonymous_3)
FNF:4
FNH:0
FNDA:0,(anonymous_0)
FNDA:0,(anonymous_1)
FNDA:0,(anonymous_2)
FNDA:0,(anonymous_3)
DA:1,0
DA:2,0
DA:3,0
DA:4,0
DA:7,0
DA:8,0
DA:9,0
DA:10,0
LF:8
LH:0
BRF:0
BRH:0
end_of_record
TN:
SF:src/support/fileMock.js
FNF:0
FNH:0
DA:1,0
LF:1
LH:0
BRF:0
BRH:0
end_of_record
